Using pre-set license
Built from '2020.3/staging' branch; Version is '2020.3.18f1 (a7d1c678663c) revision 10998214'; Using compiler version '192528614'; Build Type 'Release'
OS: 'Windows 10 Education; OS build 19042.1165; Version 2009; 64bit' Language: 'en' Physical Memory: 16102 MB
BatchMode: 1, IsHumanControllingUs: 0, StartBugReporterOnCrash: 0, Is64bit: 1, IsPro: 0

COMMAND LINE ARGUMENTS:
C:\Program Files\Unity\Hub\Editor\2020.3.18f1\Editor\Unity.exe
-adb2
-batchMode
-noUpm
-name
AssetImportWorker0
-projectPath
C:/Users/spriglera/OneDrive - Milwaukee School of Engineering/Desktop/Unity Projects/BoneBreaker
-logFile
Logs/AssetImportWorker0.log
-srvPort
64096
Successfully changed project path to: C:/Users/spriglera/OneDrive - Milwaukee School of Engineering/Desktop/Unity Projects/BoneBreaker
C:/Users/spriglera/OneDrive - Milwaukee School of Engineering/Desktop/Unity Projects/BoneBreaker
Using Asset Import Pipeline V2.
Refreshing native plugins compatible for Editor in 118.24 ms, found 3 plugins.
Preloading 0 native plugins for Editor in 0.00 ms.
Initialize engine version: 2020.3.18f1 (a7d1c678663c)
[Subsystems] Discovering subsystems at path C:/Program Files/Unity/Hub/Editor/2020.3.18f1/Editor/Data/Resources/UnitySubsystems
[Subsystems] Discovering subsystems at path C:/Users/spriglera/OneDrive - Milwaukee School of Engineering/Desktop/Unity Projects/BoneBreaker/Assets
GfxDevice: creating device client; threaded=0
Direct3D:
    Version:  Direct3D 11.0 [level 11.1]
    Renderer: Intel(R) UHD Graphics (ID=0x9b41)
    Vendor:   
    VRAM:     8051 MB
    Driver:   27.20.100.9749
Initialize mono
Mono path[0] = 'C:/Program Files/Unity/Hub/Editor/2020.3.18f1/Editor/Data/Managed'
Mono path[1] = 'C:/Program Files/Unity/Hub/Editor/2020.3.18f1/Editor/Data/MonoBleedingEdge/lib/mono/unityjit'
Mono config path = 'C:/Program Files/Unity/Hub/Editor/2020.3.18f1/Editor/Data/MonoBleedingEdge/etc'
Using monoOptions --debugger-agent=transport=dt_socket,embedding=1,server=y,suspend=n,address=127.0.0.1:56408
Begin MonoManager ReloadAssembly
Registering precompiled unity dll's ...
Register platform support module: C:/Program Files/Unity/Hub/Editor/2020.3.18f1/Editor/Data/PlaybackEngines/WindowsStandaloneSupport/UnityEditor.WindowsStandalone.Extensions.dll
Registered in 0.004130 seconds.
Native extension for WindowsStandalone target not found
Refreshing native plugins compatible for Editor in 112.17 ms, found 3 plugins.
Preloading 0 native plugins for Editor in 0.00 ms.
Mono: successfully reloaded assembly
- Completed reload, in  2.908 seconds
Domain Reload Profiling:
	ReloadAssembly (2909ms)
		BeginReloadAssembly (140ms)
			ExecutionOrderSort (0ms)
			DisableScriptedObjects (0ms)
			BackupInstance (0ms)
			ReleaseScriptingObjects (0ms)
			CreateAndSetChildDomain (2ms)
		EndReloadAssembly (1132ms)
			LoadAssemblies (136ms)
			RebuildTransferFunctionScriptingTraits (0ms)
			SetupTypeCache (405ms)
			ReleaseScriptCaches (0ms)
			RebuildScriptCaches (83ms)
			SetupLoadedEditorAssemblies (457ms)
				LogAssemblyErrors (0ms)
				InitializePlatformSupportModulesInManaged (10ms)
				SetLoadedEditorAssemblies (1ms)
				RefreshPlugins (112ms)
				BeforeProcessingInitializeOnLoad (22ms)
				ProcessInitializeOnLoadAttributes (229ms)
				ProcessInitializeOnLoadMethodAttributes (81ms)
				AfterProcessingInitializeOnLoad (0ms)
				EditorAssembliesLoaded (1ms)
			ExecutionOrderSort2 (0ms)
			AwakeInstancesAfterBackupRestoration (0ms)
Platform modules already initialized, skipping
Registering precompiled user dll's ...
Registered in 0.008067 seconds.
Begin MonoManager ReloadAssembly
Native extension for WindowsStandalone target not found
Refreshing native plugins compatible for Editor in 199.57 ms, found 3 plugins.
Preloading 0 native plugins for Editor in 0.00 ms.
Mono: successfully reloaded assembly
- Completed reload, in  3.168 seconds
Domain Reload Profiling:
	ReloadAssembly (3170ms)
		BeginReloadAssembly (383ms)
			ExecutionOrderSort (0ms)
			DisableScriptedObjects (15ms)
			BackupInstance (0ms)
			ReleaseScriptingObjects (0ms)
			CreateAndSetChildDomain (42ms)
		EndReloadAssembly (2629ms)
			LoadAssemblies (231ms)
			RebuildTransferFunctionScriptingTraits (0ms)
			SetupTypeCache (745ms)
			ReleaseScriptCaches (1ms)
			RebuildScriptCaches (132ms)
			SetupLoadedEditorAssemblies (1102ms)
				LogAssemblyErrors (0ms)
				InitializePlatformSupportModulesInManaged (14ms)
				SetLoadedEditorAssemblies (1ms)
				RefreshPlugins (200ms)
				BeforeProcessingInitializeOnLoad (234ms)
				ProcessInitializeOnLoadAttributes (603ms)
				ProcessInitializeOnLoadMethodAttributes (36ms)
				AfterProcessingInitializeOnLoad (13ms)
				EditorAssembliesLoaded (0ms)
			ExecutionOrderSort2 (0ms)
			AwakeInstancesAfterBackupRestoration (22ms)
Platform modules already initialized, skipping
========================================================================
Worker process is ready to serve import requests
Launched and connected shader compiler UnityShaderCompiler.exe after 0.16 seconds
Refreshing native plugins compatible for Editor in 0.92 ms, found 3 plugins.
Preloading 0 native plugins for Editor in 0.00 ms.
Unloading 2090 Unused Serialized files (Serialized files now loaded: 0)
System memory in use before: 93.8 MB.
System memory in use after: 93.9 MB.

Unloading 26 unused Assets to reduce memory usage. Loaded Objects now: 2529.
Total: 7.289000 ms (FindLiveObjects: 0.548200 ms CreateObjectMapping: 0.257700 ms MarkObjects: 6.348700 ms  DeleteObjects: 0.131600 ms)

AssetImportParameters requested are different than current active one (requested -> active):
  custom:framework-win-MediaFoundation: 216162199b28c13a410421893ffa2e32 -> 
  custom:video-decoder-ogg-theora: a1e56fd34408186e4bbccfd4996cb3dc -> 
  custom:container-muxer-webm: aa71ff27fc2769a1b78a27578f13a17b -> 
  custom:container-demuxer-webm: 4f35f7cbe854078d1ac9338744f61a02 -> 
  custom:container-demuxer-ogg: 62fdf1f143b41e24485cea50d1cbac27 -> 
  custom:video-encoder-webm-vp8: eb34c28f22e8b96e1ab97ce403110664 -> 
  custom:video-decoder-webm-vp8: 9c59270c3fd7afecdb556c50c9e8de78 -> 
  custom:audio-decoder-ogg-vorbis: bf7c407c2cedff20999df2af8eb42d56 -> 
  custom:audio-encoder-webm-vorbis: bf7c407c2cedff20999df2af8eb42d56 -> 
========================================================================
Received Import Request.
  path: Assets/Sprites/GameObjects/Blocks/Femur_1_2Sheet.png
  artifactKey: Guid(496dbb3ade75b924faeb5d004f209534) Importer(815301076,1909f56bfc062723c751e8b465ee728b)
Start importing Assets/Sprites/GameObjects/Blocks/Femur_1_2Sheet.png using Guid(496dbb3ade75b924faeb5d004f209534) Importer(815301076,1909f56bfc062723c751e8b465ee728b)  -> (artifact id: '0e2e0ffd8ae9ec6adff9deb39a4c2d14') in 0.284693 seconds 
  Import took 0.299997 seconds .

========================================================================
Received Import Request.
  Time since last request: 83.932752 seconds.
  path: Assets/Sprites/GameObjects/Blocks/Femur_1_2Sheet.png
  artifactKey: Guid(496dbb3ade75b924faeb5d004f209534) Importer(815301076,1909f56bfc062723c751e8b465ee728b)
Start importing Assets/Sprites/GameObjects/Blocks/Femur_1_2Sheet.png using Guid(496dbb3ade75b924faeb5d004f209534) Importer(815301076,1909f56bfc062723c751e8b465ee728b)  -> (artifact id: '3fb9a0ba97826302f8b739efe38792cd') in 0.067076 seconds 
  Import took 0.094382 seconds .

========================================================================
Received Import Request.
  Time since last request: 73.327863 seconds.
  path: Assets/Sprites/GameObjects/Blocks/Femur_1_2Sheet.png
  artifactKey: Guid(496dbb3ade75b924faeb5d004f209534) Importer(815301076,1909f56bfc062723c751e8b465ee728b)
Start importing Assets/Sprites/GameObjects/Blocks/Femur_1_2Sheet.png using Guid(496dbb3ade75b924faeb5d004f209534) Importer(815301076,1909f56bfc062723c751e8b465ee728b)  -> (artifact id: '8df25a616c6f3d67b1b516a2c38985d1') in 0.032736 seconds 
  Import took 0.045957 seconds .

========================================================================
Received Import Request.
  Time since last request: 213.019185 seconds.
  path: Assets/Sprites/GameObjects/Blocks/Femur_1_2Sheet.png
  artifactKey: Guid(496dbb3ade75b924faeb5d004f209534) Importer(815301076,1909f56bfc062723c751e8b465ee728b)
Start importing Assets/Sprites/GameObjects/Blocks/Femur_1_2Sheet.png using Guid(496dbb3ade75b924faeb5d004f209534) Importer(815301076,1909f56bfc062723c751e8b465ee728b)  -> (artifact id: '4b3b105ba274e877a248cdafdb18c341') in 0.067451 seconds 
  Import took 0.095343 seconds .

========================================================================
Received Import Request.
  Time since last request: 45.997917 seconds.
  path: Assets/Sprites/GameObjects/Blocks/Femur_3_Tibia_1Sheet.png
  artifactKey: Guid(d972d489dfba61f40b4d6a3c2b8374c1) Importer(815301076,1909f56bfc062723c751e8b465ee728b)
Start importing Assets/Sprites/GameObjects/Blocks/Femur_3_Tibia_1Sheet.png using Guid(d972d489dfba61f40b4d6a3c2b8374c1) Importer(815301076,1909f56bfc062723c751e8b465ee728b)  -> (artifact id: 'db1f4132d9d13932b34766addf80ffdf') in 0.048481 seconds 
  Import took 0.061392 seconds .

========================================================================
Received Import Request.
  Time since last request: 138.054116 seconds.
  path: Assets/Sprites/GameObjects/Blocks/Femur_3_Tibia_1Sheet.png
  artifactKey: Guid(d972d489dfba61f40b4d6a3c2b8374c1) Importer(815301076,1909f56bfc062723c751e8b465ee728b)
Start importing Assets/Sprites/GameObjects/Blocks/Femur_3_Tibia_1Sheet.png using Guid(d972d489dfba61f40b4d6a3c2b8374c1) Importer(815301076,1909f56bfc062723c751e8b465ee728b)  -> (artifact id: '9bd806c4aa880218df40a1ed2663f752') in 0.062457 seconds 
  Import took 0.098364 seconds .

========================================================================
Received Import Request.
  Time since last request: 184.936532 seconds.
  path: Assets/Sprites/GameObjects/Blocks/Femur_3_Tibia_1Sheet.png
  artifactKey: Guid(d972d489dfba61f40b4d6a3c2b8374c1) Importer(815301076,1909f56bfc062723c751e8b465ee728b)
Start importing Assets/Sprites/GameObjects/Blocks/Femur_3_Tibia_1Sheet.png using Guid(d972d489dfba61f40b4d6a3c2b8374c1) Importer(815301076,1909f56bfc062723c751e8b465ee728b)  -> (artifact id: 'f3a3fb5316e02ff4211984c8c53fd9db') in 0.040542 seconds 
  Import took 0.055973 seconds .

========================================================================
Received Import Request.
  Time since last request: 577.094671 seconds.
  path: Assets/Sprites/GameObjects/Blocks/Tibia_2_Fibula_1Sheet.png
  artifactKey: Guid(063e1916e6a06f747ae9c6836c8d742e) Importer(815301076,1909f56bfc062723c751e8b465ee728b)
Start importing Assets/Sprites/GameObjects/Blocks/Tibia_2_Fibula_1Sheet.png using Guid(063e1916e6a06f747ae9c6836c8d742e) Importer(815301076,1909f56bfc062723c751e8b465ee728b)  -> (artifact id: 'b8bd17c4112bfc86e5577d213931dbdc') in 0.019770 seconds 
  Import took 0.026105 seconds .

========================================================================
Received Import Request.
  Time since last request: 27.550973 seconds.
  path: Assets/Sprites/GameObjects/Blocks/Tibia_2_Fibula_1Sheet.png
  artifactKey: Guid(063e1916e6a06f747ae9c6836c8d742e) Importer(815301076,1909f56bfc062723c751e8b465ee728b)
Start importing Assets/Sprites/GameObjects/Blocks/Tibia_2_Fibula_1Sheet.png using Guid(063e1916e6a06f747ae9c6836c8d742e) Importer(815301076,1909f56bfc062723c751e8b465ee728b)  -> (artifact id: 'b6a0bae2c1797b80eabcd17904350299') in 0.033249 seconds 
  Import took 0.043688 seconds .

========================================================================
Received Import Request.
  Time since last request: 69.051592 seconds.
  path: Assets/Sprites/GameObjects/Blocks/Tibia_2_Fibula_1Sheet.png
  artifactKey: Guid(063e1916e6a06f747ae9c6836c8d742e) Importer(815301076,1909f56bfc062723c751e8b465ee728b)
Start importing Assets/Sprites/GameObjects/Blocks/Tibia_2_Fibula_1Sheet.png using Guid(063e1916e6a06f747ae9c6836c8d742e) Importer(815301076,1909f56bfc062723c751e8b465ee728b)  -> (artifact id: 'f38c2250b2f4fe8e4f1a3d3062916af6') in 0.031092 seconds 
  Import took 0.045641 seconds .

========================================================================
Received Import Request.
  Time since last request: 106.293403 seconds.
  path: Assets/Sprites/GameObjects/Blocks/Tibia_2_Fibula_1Sheet.png
  artifactKey: Guid(063e1916e6a06f747ae9c6836c8d742e) Importer(815301076,1909f56bfc062723c751e8b465ee728b)
Start importing Assets/Sprites/GameObjects/Blocks/Tibia_2_Fibula_1Sheet.png using Guid(063e1916e6a06f747ae9c6836c8d742e) Importer(815301076,1909f56bfc062723c751e8b465ee728b)  -> (artifact id: 'ec567f4f41ead3549793abaf1afe9fb4') in 0.022854 seconds 
  Import took 0.031565 seconds .

========================================================================
Received Import Request.
  Time since last request: 35671.583951 seconds.
  path: Assets/TextMesh Pro/Fonts/LiberationSans.ttf
  artifactKey: Guid(e3265ab4bf004d28a9537516768c1c75) Importer(815301076,1909f56bfc062723c751e8b465ee728b)
Start importing Assets/TextMesh Pro/Fonts/LiberationSans.ttf using Guid(e3265ab4bf004d28a9537516768c1c75) Importer(815301076,1909f56bfc062723c751e8b465ee728b)  -> (artifact id: 'bdddd331c3f1b7826858a8d92db67e39') in 0.196479 seconds 
  Import took 0.203670 seconds .

========================================================================
Received Import Request.
  Time since last request: 0.005004 seconds.
  path: Assets/TextMesh Pro/Fonts/LiberationSans.ttf
  artifactKey: Guid(e3265ab4bf004d28a9537516768c1c75) Importer(815301076,1909f56bfc062723c751e8b465ee728b)
Start importing Assets/TextMesh Pro/Fonts/LiberationSans.ttf using Guid(e3265ab4bf004d28a9537516768c1c75) Importer(815301076,1909f56bfc062723c751e8b465ee728b)  -> (artifact id: 'bdddd331c3f1b7826858a8d92db67e39') in 0.017987 seconds 
  Import took 0.023282 seconds .

========================================================================
Received Import Request.
  Time since last request: 11.207002 seconds.
  path: Assets/Fonts
  artifactKey: Guid(9a390a479ac51c2459e2034a27c12ed9) Importer(815301076,1909f56bfc062723c751e8b465ee728b)
Start importing Assets/Fonts using Guid(9a390a479ac51c2459e2034a27c12ed9) Importer(815301076,1909f56bfc062723c751e8b465ee728b)  -> (artifact id: 'c1288076abebb7f0e7ebcec77da2de25') in 0.012961 seconds 
  Import took 0.018258 seconds .

========================================================================
Received Import Request.
  Time since last request: 11.081398 seconds.
  path: Assets/Fonts/Symtext.ttf
  artifactKey: Guid(6a7dcd1c645f6144ab1d92c66deb1195) Importer(815301076,1909f56bfc062723c751e8b465ee728b)
Start importing Assets/Fonts/Symtext.ttf using Guid(6a7dcd1c645f6144ab1d92c66deb1195) Importer(815301076,1909f56bfc062723c751e8b465ee728b)  -> (artifact id: 'ddb4eb64b9ccf1dcbe20299c46364473') in 0.034909 seconds 
  Import took 0.046600 seconds .

========================================================================
Received Import Request.
  Time since last request: 10.315975 seconds.
  path: Assets/Fonts/Symtext SDF.asset
  artifactKey: Guid(c33f9d4508c548c44bf557e737a4dd3c) Importer(815301076,1909f56bfc062723c751e8b465ee728b)
Start importing Assets/Fonts/Symtext SDF.asset using Guid(c33f9d4508c548c44bf557e737a4dd3c) Importer(815301076,1909f56bfc062723c751e8b465ee728b) Shader 'TextMeshPro/Distance Field': fallback shader 'TextMeshPro/Mobile/Distance Field' not found
 -> (artifact id: '13c50d87596cddf2e204034b5e010419') in 0.130208 seconds 
  Import took 0.135582 seconds .

========================================================================
Received Import Request.
  Time since last request: 45.974077 seconds.
  path: Assets/Fonts/Symtext SDF.asset
  artifactKey: Guid(c33f9d4508c548c44bf557e737a4dd3c) Importer(815301076,1909f56bfc062723c751e8b465ee728b)
Start importing Assets/Fonts/Symtext SDF.asset using Guid(c33f9d4508c548c44bf557e737a4dd3c) Importer(815301076,1909f56bfc062723c751e8b465ee728b) Shader 'TextMeshPro/Distance Field': fallback shader 'TextMeshPro/Mobile/Distance Field' not found
 -> (artifact id: '405475279c670971e26fbca3eda5da38') in 0.024443 seconds 
  Import took 0.030031 seconds .

========================================================================
Received Import Request.
  Time since last request: 188.018274 seconds.
  path: ProjectSettings/TagManager.asset
  artifactKey: Guid(00000000000000003000000000000000) Importer(815301076,1909f56bfc062723c751e8b465ee728b)
Start importing ProjectSettings/TagManager.asset using Guid(00000000000000003000000000000000) Importer(815301076,1909f56bfc062723c751e8b465ee728b)  -> (artifact id: '95df672b4aaba54310d34c83eef51bb8') in 0.009577 seconds 
  Import took 0.015505 seconds .

========================================================================
Received Import Request.
  Time since last request: 0.000402 seconds.
  path: ProjectSettings/TagManager.asset
  artifactKey: Guid(00000000000000003000000000000000) Importer(815301076,1909f56bfc062723c751e8b465ee728b)
Start importing ProjectSettings/TagManager.asset using Guid(00000000000000003000000000000000) Importer(815301076,1909f56bfc062723c751e8b465ee728b)  -> (artifact id: '95df672b4aaba54310d34c83eef51bb8') in 0.003510 seconds 
  Import took 0.012480 seconds .

========================================================================
Received Prepare
Registering precompiled user dll's ...
Registered in 0.003218 seconds.
Begin MonoManager ReloadAssembly
Native extension for WindowsStandalone target not found
Refreshing native plugins compatible for Editor in 0.51 ms, found 3 plugins.
Preloading 0 native plugins for Editor in 0.00 ms.
Mono: successfully reloaded assembly
- Completed reload, in  1.218 seconds
Domain Reload Profiling:
	ReloadAssembly (1219ms)
		BeginReloadAssembly (181ms)
			ExecutionOrderSort (0ms)
			DisableScriptedObjects (10ms)
			BackupInstance (0ms)
			ReleaseScriptingObjects (0ms)
			CreateAndSetChildDomain (89ms)
		EndReloadAssembly (967ms)
			LoadAssemblies (99ms)
			RebuildTransferFunctionScriptingTraits (0ms)
			SetupTypeCache (361ms)
			ReleaseScriptCaches (1ms)
			RebuildScriptCaches (47ms)
			SetupLoadedEditorAssemblies (329ms)
				LogAssemblyErrors (0ms)
				InitializePlatformSupportModulesInManaged (6ms)
				SetLoadedEditorAssemblies (1ms)
				RefreshPlugins (1ms)
				BeforeProcessingInitializeOnLoad (72ms)
				ProcessInitializeOnLoadAttributes (234ms)
				ProcessInitializeOnLoadMethodAttributes (7ms)
				AfterProcessingInitializeOnLoad (9ms)
				EditorAssembliesLoaded (0ms)
			ExecutionOrderSort2 (0ms)
			AwakeInstancesAfterBackupRestoration (11ms)
Platform modules already initialized, skipping
